  GameLoop.cpp
C:\Users\79214\source\repos\Plague\GameLoop.cpp(5,47): warning C4566: символ, представленный универсальным именем символа "\u0412", невозможно представить в текущей кодовой странице (1252)
C:\Users\79214\source\repos\Plague\GameLoop.cpp(5,47): warning C4566: символ, представленный универсальным именем символа "\u044B", невозможно представить в текущей кодовой странице (1252)
C:\Users\79214\source\repos\Plague\GameLoop.cpp(5,47): warning C4566: символ, представленный универсальным именем символа "\u0432", невозможно представить в текущей кодовой странице (1252)
C:\Users\79214\source\repos\Plague\GameLoop.cpp(5,47): warning C4566: символ, представленный универсальным именем символа "\u043A", невозможно представить в текущей кодовой странице (1252)
C:\Users\79214\source\repos\Plague\GameLoop.cpp(5,47): warning C4566: символ, представленный универсальным именем символа "\u0430", невозможно представить в текущей кодовой странице (1252)
C:\Users\79214\source\repos\Plague\GameLoop.cpp(5,47): warning C4566: символ, представленный универсальным именем символа "\u043D", невозможно представить в текущей кодовой странице (1252)
C:\Users\79214\source\repos\Plague\GameLoop.cpp(5,47): warning C4566: символ, представленный универсальным именем символа "\u043B", невозможно представить в текущей кодовой странице (1252)
C:\Users\79214\source\repos\Plague\GameLoop.cpp(5,47): warning C4566: символ, представленный универсальным именем символа "\u0438", невозможно представить в текущей кодовой странице (1252)
C:\Users\79214\source\repos\Plague\GameLoop.cpp(5,47): warning C4566: символ, представленный универсальным именем символа "\u0437", невозможно представить в текущей кодовой странице (1252)
C:\Users\79214\source\repos\Plague\GameLoop.cpp(5,47): warning C4566: символ, представленный универсальным именем символа "\u0446", невозможно представить в текущей кодовой странице (1252)
C:\Users\79214\source\repos\Plague\GameLoop.cpp(9,9): warning C4566: символ, представленный универсальным именем символа "\u0412", невозможно представить в текущей кодовой странице (1252)
C:\Users\79214\source\repos\Plague\GameLoop.cpp(9,9): warning C4566: символ, представленный универсальным именем символа "\u044B", невозможно представить в текущей кодовой странице (1252)
C:\Users\79214\source\repos\Plague\GameLoop.cpp(9,9): warning C4566: символ, представленный универсальным именем символа "\u0432", невозможно представить в текущей кодовой странице (1252)
C:\Users\79214\source\repos\Plague\GameLoop.cpp(9,9): warning C4566: символ, представленный универсальным именем символа "\u043A", невозможно представить в текущей кодовой странице (1252)
C:\Users\79214\source\repos\Plague\GameLoop.cpp(9,9): warning C4566: символ, представленный универсальным именем символа "\u0430", невозможно представить в текущей кодовой странице (1252)
C:\Users\79214\source\repos\Plague\GameLoop.cpp(9,9): warning C4566: символ, представленный универсальным именем символа "\u043D", невозможно представить в текущей кодовой странице (1252)
C:\Users\79214\source\repos\Plague\GameLoop.cpp(9,9): warning C4566: символ, представленный универсальным именем символа "\u043B", невозможно представить в текущей кодовой странице (1252)
C:\Users\79214\source\repos\Plague\GameLoop.cpp(9,9): warning C4566: символ, представленный универсальным именем символа "\u0438", невозможно представить в текущей кодовой странице (1252)
C:\Users\79214\source\repos\Plague\GameLoop.cpp(9,9): warning C4566: символ, представленный универсальным именем символа "\u0437", невозможно представить в текущей кодовой странице (1252)
C:\Users\79214\source\repos\Plague\GameLoop.cpp(9,9): warning C4566: символ, представленный универсальным именем символа "\u0446", невозможно представить в текущей кодовой странице (1252)
C:\Users\79214\source\repos\Plague\GameLoop.cpp(10,9): warning C4566: символ, представленный универсальным именем символа "\u0412", невозможно представить в текущей кодовой странице (1252)
C:\Users\79214\source\repos\Plague\GameLoop.cpp(10,9): warning C4566: символ, представленный универсальным именем символа "\u044B", невозможно представить в текущей кодовой странице (1252)
C:\Users\79214\source\repos\Plague\GameLoop.cpp(10,9): warning C4566: символ, представленный универсальным именем символа "\u0432", невозможно представить в текущей кодовой странице (1252)
C:\Users\79214\source\repos\Plague\GameLoop.cpp(10,9): warning C4566: символ, представленный универсальным именем символа "\u043F", невозможно представить в текущей кодовой странице (1252)
C:\Users\79214\source\repos\Plague\GameLoop.cpp(10,9): warning C4566: символ, представленный универсальным именем символа "\u043E", невозможно представить в текущей кодовой странице (1252)
C:\Users\79214\source\repos\Plague\GameLoop.cpp(10,9): warning C4566: символ, представленный универсальным именем символа "\u0434", невозможно представить в текущей кодовой странице (1252)
C:\Users\79214\source\repos\Plague\GameLoop.cpp(10,9): warning C4566: символ, представленный универсальным именем символа "\u0437", невозможно представить в текущей кодовой странице (1252)
C:\Users\79214\source\repos\Plague\GameLoop.cpp(10,9): warning C4566: символ, представленный универсальным именем символа "\u0435", невозможно представить в текущей кодовой странице (1252)
C:\Users\79214\source\repos\Plague\GameLoop.cpp(10,9): warning C4566: символ, представленный универсальным именем символа "\u043C", невозможно представить в текущей кодовой странице (1252)
C:\Users\79214\source\repos\Plague\GameLoop.cpp(10,9): warning C4566: символ, представленный универсальным именем символа "\u043B", невозможно представить в текущей кодовой странице (1252)
C:\Users\79214\source\repos\Plague\GameLoop.cpp(10,9): warning C4566: символ, представленный универсальным именем символа "\u044C", невозможно представить в текущей кодовой странице (1252)
C:\Users\79214\source\repos\Plague\GameLoop.cpp(11,9): warning C4566: символ, представленный универсальным именем символа "\u0412", невозможно представить в текущей кодовой странице (1252)
C:\Users\79214\source\repos\Plague\GameLoop.cpp(11,9): warning C4566: символ, представленный универсальным именем символа "\u044B", невозможно представить в текущей кодовой странице (1252)
C:\Users\79214\source\repos\Plague\GameLoop.cpp(11,9): warning C4566: символ, представленный универсальным именем символа "\u0432", невозможно представить в текущей кодовой странице (1252)
C:\Users\79214\source\repos\Plague\GameLoop.cpp(11,9): warning C4566: символ, представленный универсальным именем символа "\u0434", невозможно представить в текущей кодовой странице (1252)
C:\Users\79214\source\repos\Plague\GameLoop.cpp(11,9): warning C4566: символ, представленный универсальным именем символа "\u0440", невозможно представить в текущей кодовой странице (1252)
C:\Users\79214\source\repos\Plague\GameLoop.cpp(11,9): warning C4566: символ, представленный универсальным именем символа "\u0435", невозможно представить в текущей кодовой странице (1252)
C:\Users\79214\source\repos\Plague\GameLoop.cpp(11,9): warning C4566: символ, представленный универсальным именем символа "\u043D", невозможно представить в текущей кодовой странице (1252)
C:\Users\79214\source\repos\Plague\GameLoop.cpp(11,9): warning C4566: символ, представленный универсальным именем символа "\u043C", невозможно представить в текущей кодовой странице (1252)
C:\Users\79214\source\repos\Plague\GameLoop.cpp(11,9): warning C4566: символ, представленный универсальным именем символа "\u0445", невозможно представить в текущей кодовой странице (1252)
C:\Users\79214\source\repos\Plague\GameLoop.cpp(11,9): warning C4566: символ, представленный универсальным именем символа "\u0430", невозможно представить в текущей кодовой странице (1252)
  Location.cpp
C:\Users\79214\source\repos\Plague\Location.cpp(16,22): warning C4566: символ, представленный универсальным именем символа "\u0412", невозможно представить в текущей кодовой странице (1252)
C:\Users\79214\source\repos\Plague\Location.cpp(16,22): warning C4566: символ, представленный универсальным именем символа "\u0437", невозможно представить в текущей кодовой странице (1252)
C:\Users\79214\source\repos\Plague\Location.cpp(16,22): warning C4566: символ, представленный универсальным именем символа "\u0430", невозможно представить в текущей кодовой странице (1252)
C:\Users\79214\source\repos\Plague\Location.cpp(16,22): warning C4566: символ, представленный универсальным именем символа "\u0438", невозможно представить в текущей кодовой странице (1252)
C:\Users\79214\source\repos\Plague\Location.cpp(16,22): warning C4566: символ, представленный универсальным именем символа "\u043C", невозможно представить в текущей кодовой странице (1252)
C:\Users\79214\source\repos\Plague\Location.cpp(16,22): warning C4566: символ, представленный универсальным именем символа "\u043E", невозможно представить в текущей кодовой странице (1252)
C:\Users\79214\source\repos\Plague\Location.cpp(16,22): warning C4566: символ, представленный универсальным именем символа "\u0434", невозможно представить в текущей кодовой странице (1252)
C:\Users\79214\source\repos\Plague\Location.cpp(16,22): warning C4566: символ, представленный универсальным именем символа "\u0435", невозможно представить в текущей кодовой странице (1252)
C:\Users\79214\source\repos\Plague\Location.cpp(16,22): warning C4566: символ, представленный универсальным именем символа "\u0439", невозможно представить в текущей кодовой странице (1252)
C:\Users\79214\source\repos\Plague\Location.cpp(16,22): warning C4566: символ, представленный универсальным именем символа "\u0441", невозможно представить в текущей кодовой странице (1252)
C:\Users\79214\source\repos\Plague\Location.cpp(16,22): warning C4566: символ, представленный универсальным именем символа "\u0442", невозможно представить в текущей кодовой странице (1252)
C:\Users\79214\source\repos\Plague\Location.cpp(16,22): warning C4566: символ, представленный универсальным именем символа "\u0432", невозможно представить в текущей кодовой странице (1252)
C:\Users\79214\source\repos\Plague\Location.cpp(16,22): warning C4566: символ, представленный универсальным именем символа "\u044C", невозможно представить в текущей кодовой странице (1252)
C:\Users\79214\source\repos\Plague\Location.cpp(17,22): warning C4566: символ, представленный универсальным именем символа "\u041E", невозможно представить в текущей кодовой странице (1252)
C:\Users\79214\source\repos\Plague\Location.cpp(17,22): warning C4566: символ, представленный универсальным именем символа "\u0442", невозможно представить в текущей кодовой странице (1252)
C:\Users\79214\source\repos\Plague\Location.cpp(17,22): warning C4566: символ, представленный универсальным именем символа "\u043A", невозможно представить в текущей кодовой странице (1252)
C:\Users\79214\source\repos\Plague\Location.cpp(17,22): warning C4566: символ, представленный универсальным именем символа "\u0440", невозможно представить в текущей кодовой странице (1252)
C:\Users\79214\source\repos\Plague\Location.cpp(17,22): warning C4566: символ, представленный универсальным именем символа "\u044B", невозможно представить в текущей кодовой странице (1252)
C:\Users\79214\source\repos\Plague\Location.cpp(17,22): warning C4566: символ, представленный универсальным именем символа "\u044C", невозможно представить в текущей кодовой странице (1252)
C:\Users\79214\source\repos\Plague\Location.cpp(17,22): warning C4566: символ, представленный универсальным именем символа "\u0438", невозможно представить в текущей кодовой странице (1252)
C:\Users\79214\source\repos\Plague\Location.cpp(17,22): warning C4566: символ, представленный универсальным именем символа "\u043D", невозможно представить в текущей кодовой странице (1252)
C:\Users\79214\source\repos\Plague\Location.cpp(17,22): warning C4566: символ, представленный универсальным именем символа "\u0432", невозможно представить в текущей кодовой странице (1252)
C:\Users\79214\source\repos\Plague\Location.cpp(17,22): warning C4566: символ, представленный универсальным именем символа "\u0435", невозможно представить в текущей кодовой странице (1252)
C:\Users\79214\source\repos\Plague\Location.cpp(17,22): warning C4566: символ, представленный универсальным именем символа "\u0430", невозможно представить в текущей кодовой странице (1252)
C:\Users\79214\source\repos\Plague\Location.cpp(18,22): warning C4566: символ, представленный универсальным именем символа "\u0412", невозможно представить в текущей кодовой странице (1252)
C:\Users\79214\source\repos\Plague\Location.cpp(18,22): warning C4566: символ, представленный универсальным именем символа "\u044B", невозможно представить в текущей кодовой странице (1252)
C:\Users\79214\source\repos\Plague\Location.cpp(18,22): warning C4566: символ, представленный универсальным именем символа "\u0445", невозможно представить в текущей кодовой странице (1252)
C:\Users\79214\source\repos\Plague\Location.cpp(18,22): warning C4566: символ, представленный универсальным именем символа "\u043E", невозможно представить в текущей кодовой странице (1252)
C:\Users\79214\source\repos\Plague\Location.cpp(18,22): warning C4566: символ, представленный универсальным именем символа "\u0434", невозможно представить в текущей кодовой странице (1252)
C:\Users\79214\source\repos\Plague\Location.cpp(18,22): warning C4566: символ, представленный универсальным именем символа "\u0432", невозможно представить в текущей кодовой странице (1252)
C:\Users\79214\source\repos\Plague\Location.cpp(18,22): warning C4566: символ, представленный универсальным именем символа "\u043C", невозможно представить в текущей кодовой странице (1252)
C:\Users\79214\source\repos\Plague\Location.cpp(18,22): warning C4566: символ, представленный универсальным именем символа "\u0435", невозможно представить в текущей кодовой странице (1252)
C:\Users\79214\source\repos\Plague\Location.cpp(18,22): warning C4566: символ, представленный универсальным именем символа "\u043D", невозможно представить в текущей кодовой странице (1252)
C:\Users\79214\source\repos\Plague\Location.cpp(18,22): warning C4566: символ, представленный универсальным именем символа "\u044E", невозможно представить в текущей кодовой странице (1252)
C:\Users\79214\source\repos\Plague\Location.cpp(28,30): warning C4566: символ, представленный универсальным именем символа "\u0412", невозможно представить в текущей кодовой странице (1252)
C:\Users\79214\source\repos\Plague\Location.cpp(28,30): warning C4566: символ, представленный универсальным именем символа "\u044B", невозможно представить в текущей кодовой странице (1252)
C:\Users\79214\source\repos\Plague\Location.cpp(28,30): warning C4566: символ, представленный универсальным именем символа "\u0443", невозможно представить в текущей кодовой странице (1252)
C:\Users\79214\source\repos\Plague\Location.cpp(28,30): warning C4566: символ, представленный универсальным именем символа "\u043C", невозможно представить в текущей кодовой странице (1252)
C:\Users\79214\source\repos\Plague\Location.cpp(28,30): warning C4566: символ, представленный универсальным именем символа "\u0435", невозможно представить в текущей кодовой странице (1252)
C:\Users\79214\source\repos\Plague\Location.cpp(28,30): warning C4566: символ, представленный универсальным именем символа "\u0440", невозможно представить в текущей кодовой странице (1252)
C:\Users\79214\source\repos\Plague\Location.cpp(28,30): warning C4566: символ, представленный универсальным именем символа "\u043B", невозможно представить в текущей кодовой странице (1252)
C:\Users\79214\source\repos\Plague\Location.cpp(28,30): warning C4566: символ, представленный универсальным именем символа "\u0438", невозможно представить в текущей кодовой странице (1252)
C:\Users\79214\source\repos\Plague\Location.cpp(28,30): warning C4566: символ, представленный универсальным именем символа "\u043E", невозможно представить в текущей кодовой странице (1252)
C:\Users\79214\source\repos\Plague\Location.cpp(28,30): warning C4566: символ, представленный универсальным именем символа "\u0437", невозможно представить в текущей кодовой странице (1252)
C:\Users\79214\source\repos\Plague\Location.cpp(28,30): warning C4566: символ, представленный универсальным именем символа "\u0432", невозможно представить в текущей кодовой странице (1252)
C:\Users\79214\source\repos\Plague\Location.cpp(28,30): warning C4566: символ, представленный универсальным именем символа "\u0430", невозможно представить в текущей кодовой странице (1252)
C:\Users\79214\source\repos\Plague\Location.cpp(28,30): warning C4566: символ, представленный универсальным именем символа "\u0442", невозможно представить в текущей кодовой странице (1252)
C:\Users\79214\source\repos\Plague\Location.cpp(28,30): warning C4566: символ, представленный универсальным именем символа "\u043D", невозможно представить в текущей кодовой странице (1252)
C:\Users\79214\source\repos\Plague\Location.cpp(28,30): warning C4566: символ, представленный универсальным именем символа "\u044E", невозможно представить в текущей кодовой странице (1252)
  Создание кода...
  Plague.vcxproj -> C:\Users\79214\source\repos\Plague\x64\Debug\Plague.exe
